<?xml version="1.0" encoding="UTF-8"?>
<testsuite name="com.telran.scheduler.tests.OpenAppTest" tests="1" skipped="0" failures="0" errors="0" timestamp="2021-11-22T17:15:20" hostname="DESKTOP-N0M81D6" time="0.005">
  <properties/>
  <testcase name="testLaunchApp" classname="com.telran.scheduler.tests.OpenAppTest" time="0.005"/>
  <system-out><![CDATA[ok
]]></system-out>
  <system-err><![CDATA[Nov. 22, 2021 6:15:20 NACHM. io.appium.java_client.remote.AppiumCommandExecutor$1 lambda$0
INFORMATION: Detected dialect: W3C
]]></system-err>
</testsuite>
